[    4097ms] [WARNING] Failed to execute 'postMessage' on 'DOMWindow': The target origin provided ('https://react-czkjtkao.stackblitz.io') does not match the recipient window's origin ('https://stackblitz.com'). @ https://c.staticblitz.com/assets/pack/client-e55482b4814aa.js:1
[    4108ms] Uncaught (in promise) Error: Could not find source file: 'inmemory://model/1'.
    at _handleMessage (https://v-corp.staticblitz.com/npm/monaco-editor@0.26.1/min/vs/editor/editor.main.js:58:25517)
    at handleMessage (https://v-corp.staticblitz.com/npm/monaco-editor@0.26.1/min/vs/editor/editor.main.js:58:25272)
    at <anonymous> (https://v-corp.staticblitz.com/npm/monaco-editor@0.26.1/min/vs/editor/editor.main.js:58:26319)
    at l.onmessage (https://v-corp.staticblitz.com/npm/monaco-editor@0.26.1/min/vs/editor/editor.main.js:58:33718)
[    4109ms] Uncaught (in promise) Error: Could not find source file: 'stackblitz:/src/App.js'.
    at _handleMessage (https://v-corp.staticblitz.com/npm/monaco-editor@0.26.1/min/vs/editor/editor.main.js:58:25517)
    at handleMessage (https://v-corp.staticblitz.com/npm/monaco-editor@0.26.1/min/vs/editor/editor.main.js:58:25272)
    at <anonymous> (https://v-corp.staticblitz.com/npm/monaco-editor@0.26.1/min/vs/editor/editor.main.js:58:26319)
    at l.onmessage (https://v-corp.staticblitz.com/npm/monaco-editor@0.26.1/min/vs/editor/editor.main.js:58:33718)
[    4109ms] Uncaught (in promise) Error: Could not find source file: 'stackblitz:/src/index.js'.
    at _handleMessage (https://v-corp.staticblitz.com/npm/monaco-editor@0.26.1/min/vs/editor/editor.main.js:58:25517)
    at handleMessage (https://v-corp.staticblitz.com/npm/monaco-editor@0.26.1/min/vs/editor/editor.main.js:58:25272)
    at <anonymous> (https://v-corp.staticblitz.com/npm/monaco-editor@0.26.1/min/vs/editor/editor.main.js:58:26319)
    at l.onmessage (https://v-corp.staticblitz.com/npm/monaco-editor@0.26.1/min/vs/editor/editor.main.js:58:33718)
[    4109ms] Uncaught (in promise) Error: Could not find source file: 'stackblitz:/src/Accordion.js'.
    at _handleMessage (https://v-corp.staticblitz.com/npm/monaco-editor@0.26.1/min/vs/editor/editor.main.js:58:25517)
    at handleMessage (https://v-corp.staticblitz.com/npm/monaco-editor@0.26.1/min/vs/editor/editor.main.js:58:25272)
    at <anonymous> (https://v-corp.staticblitz.com/npm/monaco-editor@0.26.1/min/vs/editor/editor.main.js:58:26319)
    at l.onmessage (https://v-corp.staticblitz.com/npm/monaco-editor@0.26.1/min/vs/editor/editor.main.js:58:33718)
[    4109ms] Uncaught (in promise) Error: Could not find source file: 'stackblitz:/src/store/store.js'.
    at _handleMessage (https://v-corp.staticblitz.com/npm/monaco-editor@0.26.1/min/vs/editor/editor.main.js:58:25517)
    at handleMessage (https://v-corp.staticblitz.com/npm/monaco-editor@0.26.1/min/vs/editor/editor.main.js:58:25272)
    at <anonymous> (https://v-corp.staticblitz.com/npm/monaco-editor@0.26.1/min/vs/editor/editor.main.js:58:26319)
    at l.onmessage (https://v-corp.staticblitz.com/npm/monaco-editor@0.26.1/min/vs/editor/editor.main.js:58:33718)
[    4109ms] Uncaught (in promise) Error: Could not find source file: 'stackblitz:/src/AccordionItem.js'.
    at _handleMessage (https://v-corp.staticblitz.com/npm/monaco-editor@0.26.1/min/vs/editor/editor.main.js:58:25517)
    at handleMessage (https://v-corp.staticblitz.com/npm/monaco-editor@0.26.1/min/vs/editor/editor.main.js:58:25272)
    at <anonymous> (https://v-corp.staticblitz.com/npm/monaco-editor@0.26.1/min/vs/editor/editor.main.js:58:26319)
    at l.onmessage (https://v-corp.staticblitz.com/npm/monaco-editor@0.26.1/min/vs/editor/editor.main.js:58:33718)
[    4348ms] [WARNING] Failed to execute 'postMessage' on 'DOMWindow': The target origin provided ('https://react-czkjtkao.stackblitz.io') does not match the recipient window's origin ('https://stackblitz.com'). @ https://c.staticblitz.com/assets/pack/client-e55482b4814aa.js:1
[    5010ms] [ERROR] Warning: Each child in a list should have a unique "key" prop.%s%s See https://reactjs.org/link/warning-keys for more information.%s 

Check the render method of `Accordion`.  
    at Accordion (https://react-czkjtkao.stackblitz.io/~/src/Accordion.js:9:22)
    at div
    at App @ https://c.staticblitz.com/assets/pack/preview-587cd39a5889a.js:1
